succeed.asm:
     1  0000  c30001                jp START
     2                          
     3                              align $100      ; pad to beginning of next memory page
        0003  0000000000000000        + align 256
              0000000000000000  
              0000000000000000  
              0000000000000000  
              0000000000000000  
              0000000000000000  
              0000000000000000  
              0000000000000000  
              0000000000000000  
              0000000000000000  
              0000000000000000  
              0000000000000000  
              0000000000000000  
              0000000000000000  
              0000000000000000  
              0000000000000000  
              0000000000000000  
              0000000000000000  
              0000000000000000  
              0000000000000000  
              0000000000000000  
              0000000000000000  
              0000000000000000  
              0000000000000000  
              0000000000000000  
              0000000000000000  
              0000000000000000  
              0000000000000000  
              0000000000000000  
              0000000000000000  
              0000000000000000  
              0000000000        
     4                          
     5                          START:
     6                              ld de,bc        ; successfully translates to ld d,b followed by ld e,c [50,59]
        0100  5059                    + ld de,bc
     7  0102  c30004                jp END
     8                          
     9                              db ($FF00 & $)/$100 ; high byte of the current PC
        0105  01                      + db(65280&$)/256
    10                              db ($00FF & $)      ; low byte of the current PC
        0106  06                      + db(255&$)
    11                          
    12                              align $100
        0107  0000000000000000        + align 256
              0000000000000000  
              0000000000000000  
              0000000000000000  
              0000000000000000  
              0000000000000000  
              0000000000000000  
              0000000000000000  
              0000000000000000  
              0000000000000000  
              0000000000000000  
              0000000000000000  
              0000000000000000  
              0000000000000000  
              0000000000000000  
              0000000000000000  
              0000000000000000  
              0000000000000000  
              0000000000000000  
              0000000000000000  
              0000000000000000  
              0000000000000000  
              0000000000000000  
              0000000000000000  
              0000000000000000  
              0000000000000000  
              0000000000000000  
              0000000000000000  
              0000000000000000  
              0000000000000000  
              0000000000000000  
              00                
    13                          
    14                              db "foo\n",0     ; c-style strings using DB, escaped control characters allowed
        0200  666f6f0a00              + db"foo\n",0
    15                          
    16                              align $100      ; pad to beginning of next memory page
        0205  0000000000000000        + align 256
              0000000000000000  
              0000000000000000  
              0000000000000000  
              0000000000000000  
              0000000000000000  
              0000000000000000  
              0000000000000000  
              0000000000000000  
              0000000000000000  
              0000000000000000  
              0000000000000000  
              0000000000000000  
              0000000000000000  
              0000000000000000  
              0000000000000000  
              0000000000000000  
              0000000000000000  
              0000000000000000  
              0000000000000000  
              0000000000000000  
              0000000000000000  
              0000000000000000  
              0000000000000000  
              0000000000000000  
              0000000000000000  
              0000000000000000  
              0000000000000000  
              0000000000000000  
              0000000000000000  
              0000000000000000  
              000000            
    17                          
    18                              include "included.asm"
included.asm:
     1  0300  62617200              DB "bar",0
     2                          
succeed.asm:
    19                          
    20                              align $100
        0304  0000000000000000        + align 256
              0000000000000000  
              0000000000000000  
              0000000000000000  
              0000000000000000  
              0000000000000000  
              0000000000000000  
              0000000000000000  
              0000000000000000  
              0000000000000000  
              0000000000000000  
              0000000000000000  
              0000000000000000  
              0000000000000000  
              0000000000000000  
              0000000000000000  
              0000000000000000  
              0000000000000000  
              0000000000000000  
              0000000000000000  
              0000000000000000  
              0000000000000000  
              0000000000000000  
              0000000000000000  
              0000000000000000  
              0000000000000000  
              0000000000000000  
              0000000000000000  
              0000000000000000  
              0000000000000000  
              0000000000000000  
              00000000          
    21                          
    22                          END:
    23  0400  76                    halt
    24                          
