   1:				    myorg MACRO addr
   2:				        org addr
   3:				    ENDM
   4:				
   5:    0+10	0000  C30001  	    jp START
   6:				
   7:     -	0100          	    org $100
   8:				
   9:     -	0100          	START:
  10:   10+4	0100  50      	    ld d,b 
  11:   14+4	0101  59      	    ld e,c
  12:   18+10	0102  C30004  	    jp END
  13:				
  14:     -	0105  01      	    db high($)      ; high byte of the current PC
  15:     -	0106  06      	    db low($)       ; low byte of the current PC
  16:				
  17:     -	0200          	    org $200        ; org pads memory
  18:				
  19:     -	0200  666F6F0A	    db "foo",$0a,0  ; c-style strings using DB, escaped control characters not recognised
	              00
  20:				
  21:     -	        	    myorg $300      ; org with padding using macro
  22:				
  23:				    .include included.asm ; directives can start with a . (or not)
**** included.asm ****
**** succeed.asm ****
  24:     -	0300  62617200	    DB "bar",0
  25:				
  26:     -	0400          	    org $400         ; org with padding
  27:				
  28:     -	0400          	END:
**** succeed.asm ****
  29:   28+4	0400  76      	    halt



Statistics:

     4	passes
     0	jr promotions
     2	symbols
    20	bytes

     1	macro calls
    25	macro bytes
     0	invented symbols



Symbol Table:

END              400      1024
START            100      256
